# JRE version: OpenJDK Runtime Environment Temurin-21.0.10+7 (21.0.10+7) (build 21.0.10+7-LTS)
# Java VM: OpenJDK 64-Bit Server VM Temurin-21.0.10+7 (21.0.10+7-LTS, mixed mode, sharing, tiered, compressed oops, compressed class ptrs, parallel gc, windows-amd64)
GC Precious Log:
 CardTable entry size: 512
 CPUs: 4 total, 4 available
 Memory: 14293M
 Large Page Support: Disabled
 NUMA Support: Disabled
 Compressed Oops: Enabled (32-bit)
 Alignments: Space 512K, Generation 512K, Heap 2M
 Heap Min Capacity: 100M
 Heap Initial Capacity: 100M
 Heap Max Capacity: 2G
 Pre-touch: Disabled
 Parallel Workers: 4
Heap:
 PSYoungGen      total 7680K, used 6838K [0x00000000d5580000, 0x00000000d5e00000, 0x0000000100000000)
  eden space 7168K, 91% used [0x00000000d5580000,0x00000000d5bed850,0x00000000d5c80000)
  from space 512K, 50% used [0x00000000d5d80000,0x00000000d5dc0000,0x00000000d5e00000)
  to   space 512K, 0% used [0x00000000d5d00000,0x00000000d5d00000,0x00000000d5d80000)
 ParOldGen       total 1236992K, used 224167K [0x0000000080000000, 0x00000000cb800000, 0x00000000d5580000)
  object space 1236992K, 18% used [0x0000000080000000,0x000000008dae9c98,0x00000000cb800000)
 Metaspace       used 89132K, committed 91008K, reserved 1179648K
  class space    used 9179K, committed 10048K, reserved 1048576K
GC Heap History (20 events):
Event: 1257.774 GC heap before
{Heap before GC invocations=2644 (full 5):
 PSYoungGen      total 7680K, used 7264K [0x00000000d5580000, 0x00000000d5e80000, 0x0000000100000000)
  eden space 7168K, 100% used [0x00000000d5580000,0x00000000d5c80000,0x00000000d5c80000)
  from space 512K, 18% used [0x00000000d5e00000,0x00000000d5e18000,0x00000000d5e80000)
  to   space 512K, 0% used [0x00000000d5d80000,0x00000000d5d80000,0x00000000d5e00000)
 ParOldGen       total 1236992K, used 222021K [0x0000000080000000, 0x00000000cb800000, 0x00000000d5580000)
  object space 1236992K, 17% used [0x0000000080000000,0x000000008d8d1458,0x00000000cb800000)
 Metaspace       used 89089K, committed 91008K, reserved 1179648K
  class space    used 9177K, committed 10048K, reserved 1048576K
}
Event: 1257.776 GC heap after
{Heap after GC invocations=2644 (full 5):
 PSYoungGen      total 7680K, used 160K [0x00000000d5580000, 0x00000000d5e80000, 0x0000000100000000)
  eden space 7168K, 0% used [0x00000000d5580000,0x00000000d5580000,0x00000000d5c80000)
  from space 512K, 31% used [0x00000000d5d80000,0x00000000d5da8000,0x00000000d5e00000)
  to   space 512K, 0% used [0x00000000d5e00000,0x00000000d5e00000,0x00000000d5e80000)
 ParOldGen       total 1236992K, used 222029K [0x0000000080000000, 0x00000000cb800000, 0x00000000d5580000)
  object space 1236992K, 17% used [0x0000000080000000,0x000000008d8d3458,0x00000000cb800000)
 Metaspace       used 89089K, committed 91008K, reserved 1179648K
  class space    used 9177K, committed 10048K, reserved 1048576K
}
Event: 1257.815 GC heap before
{Heap before GC invocations=2645 (full 5):
 PSYoungGen      total 7680K, used 7328K [0x00000000d5580000, 0x00000000d5e80000, 0x0000000100000000)
  eden space 7168K, 100% used [0x00000000d5580000,0x00000000d5c80000,0x00000000d5c80000)
  from space 512K, 31% used [0x00000000d5d80000,0x00000000d5da8000,0x00000000d5e00000)
  to   space 512K, 0% used [0x00000000d5e00000,0x00000000d5e00000,0x00000000d5e80000)
 ParOldGen       total 1236992K, used 222029K [0x0000000080000000, 0x00000000cb800000, 0x00000000d5580000)
  object space 1236992K, 17% used [0x0000000080000000,0x000000008d8d3458,0x00000000cb800000)
 Metaspace       used 89089K, committed 91008K, reserved 1179648K
  class space    used 9177K, committed 10048K, reserved 1048576K
}
Event: 1257.818 GC heap after
{Heap after GC invocations=2645 (full 5):
 PSYoungGen      total 7680K, used 512K [0x00000000d5580000, 0x00000000d5e80000, 0x0000000100000000)
  eden space 7168K, 0% used [0x00000000d5580000,0x00000000d5580000,0x00000000d5c80000)
  from space 512K, 100% used [0x00000000d5e00000,0x00000000d5e80000,0x00000000d5e80000)
  to   space 1024K, 0% used [0x00000000d5c80000,0x00000000d5c80000,0x00000000d5d80000)
 ParOldGen       total 1236992K, used 222269K [0x0000000080000000, 0x00000000cb800000, 0x00000000d5580000)
  object space 1236992K, 17% used [0x0000000080000000,0x000000008d90f458,0x00000000cb800000)
 Metaspace       used 89089K, committed 91008K, reserved 1179648K
  class space    used 9177K, committed 10048K, reserved 1048576K
}
Event: 1257.959 GC heap before
{Heap before GC invocations=2646 (full 5):
 PSYoungGen      total 7680K, used 7680K [0x00000000d5580000, 0x00000000d5e80000, 0x0000000100000000)
  eden space 7168K, 100% used [0x00000000d5580000,0x00000000d5c80000,0x00000000d5c80000)
  from space 512K, 100% used [0x00000000d5e00000,0x00000000d5e80000,0x00000000d5e80000)
  to   space 1024K, 0% used [0x00000000d5c80000,0x00000000d5c80000,0x00000000d5d80000)
 ParOldGen       total 1236992K, used 222269K [0x0000000080000000, 0x00000000cb800000, 0x00000000d5580000)
  object space 1236992K, 17% used [0x0000000080000000,0x000000008d90f458,0x00000000cb800000)
 Metaspace       used 89090K, committed 91008K, reserved 1179648K
  class space    used 9177K, committed 10048K, reserved 1048576K
}
Event: 1257.960 GC heap after
{Heap after GC invocations=2646 (full 5):
 PSYoungGen      total 8192K, used 383K [0x00000000d5580000, 0x00000000d5e80000, 0x0000000100000000)
  eden space 7168K, 0% used [0x00000000d5580000,0x00000000d5580000,0x00000000d5c80000)
  from space 1024K, 37% used [0x00000000d5c80000,0x00000000d5cdfc80,0x00000000d5d80000)
  to   space 1024K, 0% used [0x00000000d5d80000,0x00000000d5d80000,0x00000000d5e80000)
 ParOldGen       total 1236992K, used 222781K [0x0000000080000000, 0x00000000cb800000, 0x00000000d5580000)
  object space 1236992K, 18% used [0x0000000080000000,0x000000008d98f458,0x00000000cb800000)
 Metaspace       used 89090K, committed 91008K, reserved 1179648K
  class space    used 9177K, committed 10048K, reserved 1048576K
}
Event: 1257.987 GC heap before
{Heap before GC invocations=2647 (full 5):
 PSYoungGen      total 8192K, used 7551K [0x00000000d5580000, 0x00000000d5e80000, 0x0000000100000000)
  eden space 7168K, 100% used [0x00000000d5580000,0x00000000d5c80000,0x00000000d5c80000)
  from space 1024K, 37% used [0x00000000d5c80000,0x00000000d5cdfc80,0x00000000d5d80000)
  to   space 1024K, 0% used [0x00000000d5d80000,0x00000000d5d80000,0x00000000d5e80000)
 ParOldGen       total 1236992K, used 222781K [0x0000000080000000, 0x00000000cb800000, 0x00000000d5580000)
  object space 1236992K, 18% used [0x0000000080000000,0x000000008d98f458,0x00000000cb800000)
 Metaspace       used 89091K, committed 91008K, reserved 1179648K
  class space    used 9177K, committed 10048K, reserved 1048576K
}
Event: 1257.990 GC heap after
{Heap after GC invocations=2647 (full 5):
 PSYoungGen      total 7680K, used 192K [0x00000000d5580000, 0x00000000d5e00000, 0x0000000100000000)
  eden space 7168K, 0% used [0x00000000d5580000,0x00000000d5580000,0x00000000d5c80000)
  from space 512K, 37% used [0x00000000d5d80000,0x00000000d5db0000,0x00000000d5e00000)
  to   space 512K, 0% used [0x00000000d5d00000,0x00000000d5d00000,0x00000000d5d80000)
 ParOldGen       total 1236992K, used 223068K [0x0000000080000000, 0x00000000cb800000, 0x00000000d5580000)
  object space 1236992K, 18% used [0x0000000080000000,0x000000008d9d70d8,0x00000000cb800000)
 Metaspace       used 89091K, committed 91008K, reserved 1179648K
  class space    used 9177K, committed 10048K, reserved 1048576K
}
Event: 1258.014 GC heap before
{Heap before GC invocations=2648 (full 5):
 PSYoungGen      total 7680K, used 7360K [0x00000000d5580000, 0x00000000d5e00000, 0x0000000100000000)
  eden space 7168K, 100% used [0x00000000d5580000,0x00000000d5c80000,0x00000000d5c80000)
  from space 512K, 37% used [0x00000000d5d80000,0x00000000d5db0000,0x00000000d5e00000)
  to   space 512K, 0% used [0x00000000d5d00000,0x00000000d5d00000,0x00000000d5d80000)
 ParOldGen       total 1236992K, used 223068K [0x0000000080000000, 0x00000000cb800000, 0x00000000d5580000)
  object space 1236992K, 18% used [0x0000000080000000,0x000000008d9d70d8,0x00000000cb800000)
 Metaspace       used 89093K, committed 91008K, reserved 1179648K
  class space    used 9177K, committed 10048K, reserved 1048576K
}
Event: 1258.015 GC heap after
{Heap after GC invocations=2648 (full 5):
 PSYoungGen      total 7680K, used 96K [0x00000000d5580000, 0x00000000d5e00000, 0x0000000100000000)
  eden space 7168K, 0% used [0x00000000d5580000,0x00000000d5580000,0x00000000d5c80000)
  from space 512K, 18% used [0x00000000d5d00000,0x00000000d5d18000,0x00000000d5d80000)
  to   space 512K, 0% used [0x00000000d5d80000,0x00000000d5d80000,0x00000000d5e00000)
 ParOldGen       total 1236992K, used 223180K [0x0000000080000000, 0x00000000cb800000, 0x00000000d5580000)
  object space 1236992K, 18% used [0x0000000080000000,0x000000008d9f30d8,0x00000000cb800000)
 Metaspace       used 89093K, committed 91008K, reserved 1179648K
  class space    used 9177K, committed 10048K, reserved 1048576K
}
Event: 1258.040 GC heap before
{Heap before GC invocations=2649 (full 5):
 PSYoungGen      total 7680K, used 7264K [0x00000000d5580000, 0x00000000d5e00000, 0x0000000100000000)
  eden space 7168K, 100% used [0x00000000d5580000,0x00000000d5c80000,0x00000000d5c80000)
  from space 512K, 18% used [0x00000000d5d00000,0x00000000d5d18000,0x00000000d5d80000)
  to   space 512K, 0% used [0x00000000d5d80000,0x00000000d5d80000,0x00000000d5e00000)
 ParOldGen       total 1236992K, used 223180K [0x0000000080000000, 0x00000000cb800000, 0x00000000d5580000)
  object space 1236992K, 18% used [0x0000000080000000,0x000000008d9f30d8,0x00000000cb800000)
 Metaspace       used 89095K, committed 91008K, reserved 1179648K
  class space    used 9177K, committed 10048K, reserved 1048576K
}
Event: 1258.042 GC heap after
{Heap after GC invocations=2649 (full 5):
 PSYoungGen      total 7680K, used 128K [0x00000000d5580000, 0x00000000d5e00000, 0x0000000100000000)
  eden space 7168K, 0% used [0x00000000d5580000,0x00000000d5580000,0x00000000d5c80000)
  from space 512K, 25% used [0x00000000d5d80000,0x00000000d5da0000,0x00000000d5e00000)
  to   space 512K, 0% used [0x00000000d5d00000,0x00000000d5d00000,0x00000000d5d80000)
 ParOldGen       total 1236992K, used 223196K [0x0000000080000000, 0x00000000cb800000, 0x00000000d5580000)
  object space 1236992K, 18% used [0x0000000080000000,0x000000008d9f70d8,0x00000000cb800000)
 Metaspace       used 89095K, committed 91008K, reserved 1179648K
  class space    used 9177K, committed 10048K, reserved 1048576K
}
Event: 1258.107 GC heap before
{Heap before GC invocations=2650 (full 5):
 PSYoungGen      total 7680K, used 7296K [0x00000000d5580000, 0x00000000d5e00000, 0x0000000100000000)
  eden space 7168K, 100% used [0x00000000d5580000,0x00000000d5c80000,0x00000000d5c80000)
  from space 512K, 25% used [0x00000000d5d80000,0x00000000d5da0000,0x00000000d5e00000)
  to   space 512K, 0% used [0x00000000d5d00000,0x00000000d5d00000,0x00000000d5d80000)
 ParOldGen       total 1236992K, used 223196K [0x0000000080000000, 0x00000000cb800000, 0x00000000d5580000)
  object space 1236992K, 18% used [0x0000000080000000,0x000000008d9f70d8,0x00000000cb800000)
 Metaspace       used 89096K, committed 91008K, reserved 1179648K
  class space    used 9177K, committed 10048K, reserved 1048576K
}
Event: 1258.108 GC heap after
{Heap after GC invocations=2650 (full 5):
 PSYoungGen      total 7680K, used 216K [0x00000000d5580000, 0x00000000d5e00000, 0x0000000100000000)
  eden space 7168K, 0% used [0x00000000d5580000,0x00000000d5580000,0x00000000d5c80000)
  from space 512K, 42% used [0x00000000d5d00000,0x00000000d5d36120,0x00000000d5d80000)
  to   space 512K, 0% used [0x00000000d5d80000,0x00000000d5d80000,0x00000000d5e00000)
 ParOldGen       total 1236992K, used 223212K [0x0000000080000000, 0x00000000cb800000, 0x00000000d5580000)
  object space 1236992K, 18% used [0x0000000080000000,0x000000008d9fb0d8,0x00000000cb800000)
 Metaspace       used 89096K, committed 91008K, reserved 1179648K
  class space    used 9177K, committed 10048K, reserved 1048576K
}
Event: 1258.170 GC heap before
{Heap before GC invocations=2651 (full 5):
 PSYoungGen      total 7680K, used 7384K [0x00000000d5580000, 0x00000000d5e00000, 0x0000000100000000)
  eden space 7168K, 100% used [0x00000000d5580000,0x00000000d5c80000,0x00000000d5c80000)
  from space 512K, 42% used [0x00000000d5d00000,0x00000000d5d36120,0x00000000d5d80000)
  to   space 512K, 0% used [0x00000000d5d80000,0x00000000d5d80000,0x00000000d5e00000)
 ParOldGen       total 1236992K, used 223212K [0x0000000080000000, 0x00000000cb800000, 0x00000000d5580000)
  object space 1236992K, 18% used [0x0000000080000000,0x000000008d9fb0d8,0x00000000cb800000)
 Metaspace       used 89097K, committed 91008K, reserved 1179648K
  class space    used 9177K, committed 10048K, reserved 1048576K
}
Event: 1258.173 GC heap after
{Heap after GC invocations=2651 (full 5):
 PSYoungGen      total 7680K, used 208K [0x00000000d5580000, 0x00000000d5e00000, 0x0000000100000000)
  eden space 7168K, 0% used [0x00000000d5580000,0x00000000d5580000,0x00000000d5c80000)
  from space 512K, 40% used [0x00000000d5d80000,0x00000000d5db4128,0x00000000d5e00000)
  to   space 512K, 0% used [0x00000000d5d00000,0x00000000d5d00000,0x00000000d5d80000)
 ParOldGen       total 1236992K, used 223332K [0x0000000080000000, 0x00000000cb800000, 0x00000000d5580000)
  object space 1236992K, 18% used [0x0000000080000000,0x000000008da191f8,0x00000000cb800000)
 Metaspace       used 89097K, committed 91008K, reserved 1179648K
  class space    used 9177K, committed 10048K, reserved 1048576K
}
Event: 1258.340 GC heap before
{Heap before GC invocations=2652 (full 5):
 PSYoungGen      total 7680K, used 7376K [0x00000000d5580000, 0x00000000d5e00000, 0x0000000100000000)
  eden space 7168K, 100% used [0x00000000d5580000,0x00000000d5c80000,0x00000000d5c80000)
  from space 512K, 40% used [0x00000000d5d80000,0x00000000d5db4128,0x00000000d5e00000)
  to   space 512K, 0% used [0x00000000d5d00000,0x00000000d5d00000,0x00000000d5d80000)
 ParOldGen       total 1236992K, used 223332K [0x0000000080000000, 0x00000000cb800000, 0x00000000d5580000)
  object space 1236992K, 18% used [0x0000000080000000,0x000000008da191f8,0x00000000cb800000)
 Metaspace       used 89108K, committed 91008K, reserved 1179648K
  class space    used 9177K, committed 10048K, reserved 1048576K
}
Event: 1258.341 GC heap after
{Heap after GC invocations=2652 (full 5):
 PSYoungGen      total 7680K, used 488K [0x00000000d5580000, 0x00000000d5e80000, 0x0000000100000000)
  eden space 7168K, 0% used [0x00000000d5580000,0x00000000d5580000,0x00000000d5c80000)
  from space 512K, 95% used [0x00000000d5d00000,0x00000000d5d7a370,0x00000000d5d80000)
  to   space 1024K, 0% used [0x00000000d5d80000,0x00000000d5d80000,0x00000000d5e80000)
 ParOldGen       total 1236992K, used 223702K [0x0000000080000000, 0x00000000cb800000, 0x00000000d5580000)
  object space 1236992K, 18% used [0x0000000080000000,0x000000008da75928,0x00000000cb800000)
 Metaspace       used 89108K, committed 91008K, reserved 1179648K
  class space    used 9177K, committed 10048K, reserved 1048576K
}
Event: 1258.453 GC heap before
{Heap before GC invocations=2653 (full 5):
 PSYoungGen      total 7680K, used 7656K [0x00000000d5580000, 0x00000000d5e80000, 0x0000000100000000)
  eden space 7168K, 100% used [0x00000000d5580000,0x00000000d5c80000,0x00000000d5c80000)
  from space 512K, 95% used [0x00000000d5d00000,0x00000000d5d7a370,0x00000000d5d80000)
  to   space 1024K, 0% used [0x00000000d5d80000,0x00000000d5d80000,0x00000000d5e80000)
 ParOldGen       total 1236992K, used 223702K [0x0000000080000000, 0x00000000cb800000, 0x00000000d5580000)
  object space 1236992K, 18% used [0x0000000080000000,0x000000008da75928,0x00000000cb800000)
 Metaspace       used 89108K, committed 91008K, reserved 1179648K
  class space    used 9177K, committed 10048K, reserved 1048576K
}
Event: 1258.454 GC heap after
{Heap after GC invocations=2653 (full 5):
 PSYoungGen      total 7680K, used 256K [0x00000000d5580000, 0x00000000d5e00000, 0x0000000100000000)
  eden space 7168K, 0% used [0x00000000d5580000,0x00000000d5580000,0x00000000d5c80000)
  from space 512K, 50% used [0x00000000d5d80000,0x00000000d5dc0000,0x00000000d5e00000)
  to   space 512K, 0% used [0x00000000d5d00000,0x00000000d5d00000,0x00000000d5d80000)
 ParOldGen       total 1236992K, used 224167K [0x0000000080000000, 0x00000000cb800000, 0x00000000d5580000)
  object space 1236992K, 18% used [0x0000000080000000,0x000000008dae9c98,0x00000000cb800000)
 Metaspace       used 89108K, committed 91008K, reserved 1179648K
  class space    used 9177K, committed 10048K, reserved 1048576K
}

